\BOOKMARK [1][-]{section*.4}{Liste des figures}{}% 1
\BOOKMARK [1][-]{section.1}{Introduction}{}% 2
\BOOKMARK [2][-]{subsection.1.1}{Contexte du stage et de l'entreprise}{section.1}% 3
\BOOKMARK [2][-]{subsection.1.2}{Description du sujet de stage}{section.1}% 4
\BOOKMARK [3][-]{subsubsection.1.2.1}{L'environnement de simulation: SE-STAR}{subsection.1.2}% 5
\BOOKMARK [3][-]{subsubsection.1.2.2}{Objectif du stage et contraintes identifi\351es}{subsection.1.2}% 6
\BOOKMARK [3][-]{subsubsection.1.2.3}{D\351fis et choix technologiques}{subsection.1.2}% 7
\BOOKMARK [1][-]{section.2}{Revue de la litt\351rature et \351tat de l'art}{}% 8
\BOOKMARK [2][-]{subsection.2.1}{Fonctionnement de l'apprentissage par renforcement et int\351r\352t}{section.2}% 9
\BOOKMARK [3][-]{subsubsection.2.1.1}{Formalisation de l'approche par renforcement}{subsection.2.1}% 10
\BOOKMARK [3][-]{subsubsection.2.1.2}{Introduction des principales approches en apprentissage par renforcement}{subsection.2.1}% 11
\BOOKMARK [3][-]{subsubsection.2.1.3}{TD Learning: la base des algorithmes pour le contr\364leur}{subsection.2.1}% 12
\BOOKMARK [3][-]{subsubsection.2.1.4}{Du TD Learning au Deep Q Learning}{subsection.2.1}% 13
\BOOKMARK [3][-]{subsubsection.2.1.5}{Platforme utilisables pour garantir le fonctionnement de nos algorithmes}{subsection.2.1}% 14
\BOOKMARK [2][-]{subsection.2.2}{Utilisation et int\351r\352t de l'apprentissage statistique - Deep Learning }{section.2}% 15
\BOOKMARK [3][-]{subsubsection.2.2.1}{Motivation et objectif de l'apprentissage statistique}{subsection.2.2}% 16
\BOOKMARK [3][-]{subsubsection.2.2.2}{Architecture en apprentissage statistique et r\351seau de neurone lin\351aire}{subsection.2.2}% 17
\BOOKMARK [3][-]{subsubsection.2.2.3}{R\351seau de neurones dense}{subsection.2.2}% 18
\BOOKMARK [3][-]{subsubsection.2.2.4}{R\351seau de convolution et r\351current}{subsection.2.2}% 19
\BOOKMARK [3][-]{subsubsection.2.2.5}{Utilisation du deep learning dans le cadre de l'apprentissage par renforcement}{subsection.2.2}% 20
\BOOKMARK [1][-]{section.3}{Interface entre SE-STAR et le contr\364leur}{}% 21
\BOOKMARK [2][-]{subsection.3.1}{Analyse fonctionnelle de l'API choisie}{section.3}% 22
\BOOKMARK [2][-]{subsection.3.2}{Principales limites et contraintes}{section.3}% 23
\BOOKMARK [2][-]{subsection.3.3}{Compromis et solutions envisag\351es}{section.3}% 24
\BOOKMARK [2][-]{subsection.3.4}{Solutions id\351ales}{section.3}% 25
\BOOKMARK [3][-]{subsubsection.3.4.1}{SE-STAR sous linux via Wine}{subsection.3.4}% 26
\BOOKMARK [3][-]{subsubsection.3.4.2}{Une architecture scalable d'entrainement via Docker}{subsection.3.4}% 27
\BOOKMARK [2][-]{subsection.3.5}{Conclusion sur les questions d'interfaces et de r\351seaux}{section.3}% 28
\BOOKMARK [1][-]{section.4}{Contr\364le d'un agent via la simulation SE-STAR par renforcement profond}{}% 29
\BOOKMARK [2][-]{subsection.4.1}{Le choix d'un algorithme efficace pour le contr\364le d'un agent dans SE-STAR.}{section.4}% 30
\BOOKMARK [2][-]{subsection.4.2}{Comparaison entre les m\351thodes issues de la famille du DQN et de l'A3C}{section.4}% 31
\BOOKMARK [3][-]{subsubsection.4.2.1}{Les algorithmes issus de la famille du Deep Q Learning}{subsection.4.2}% 32
\BOOKMARK [3][-]{subsubsection.4.2.2}{Les algorithmes issus de la famille de l'A3C}{subsection.4.2}% 33
\BOOKMARK [2][-]{subsection.4.3}{Sp\351cification des diff\351rents environnements cr\351\351s par SE-STAR}{section.4}% 34
\BOOKMARK [3][-]{subsubsection.4.3.1}{Environnement labyrinthique simple cr\351\351 par SE-STAR}{subsection.4.3}% 35
\BOOKMARK [2][-]{subsection.4.4}{Module de curiosit\351}{section.4}% 36
\BOOKMARK [3][-]{subsubsection.4.4.1}{La th\351orie des bandits \340 plusieurs bras}{subsection.4.4}% 37
\BOOKMARK [3][-]{subsubsection.4.4.2}{Exploration et Motivation auxiliaire}{subsection.4.4}% 38
\BOOKMARK [2][-]{subsection.4.5}{Motivations auxiliaires et motivations}{section.4}% 39
\BOOKMARK [3][-]{subsubsection.4.5.1}{Motivations auxiliaires sp\351cifiques au environnements 3D}{subsection.4.5}% 40
\BOOKMARK [2][-]{subsection.4.6}{Module de curiosit\351 g\351n\351rique int\351gr\351 au contr\364le}{section.4}% 41
\BOOKMARK [1][-]{section.5}{Conclusion}{}% 42
\BOOKMARK [1][-]{section*.25}{Glossaire}{}% 43
\BOOKMARK [1][-]{section*.27}{References}{}% 44
